{
  "stats": {
    "suites": 1,
    "tests": 1,
    "passes": 1,
    "pending": 0,
    "failures": 0,
    "start": "2021-07-19T01:06:03.475Z",
    "end": "2021-07-19T01:06:07.215Z",
    "duration": 3740,
    "testsRegistered": 1,
    "passPercent": 100,
    "pendingPercent": 0,
    "other": 0,
    "hasOther": false,
    "skipped": 0,
    "hasSkipped": false
  },
  "results": [
    {
      "uuid": "6ef377fd-14f5-4ab1-a1a9-5dd2f07be223",
      "title": "",
      "fullFile": "cypress/integration/regression/aboutus-test.spec.js",
      "file": "cypress/integration/regression/aboutus-test.spec.js",
      "beforeHooks": [],
      "afterHooks": [],
      "tests": [],
      "suites": [
        {
          "uuid": "f0e87d5c-5c54-45c3-99d3-4109cfa66a97",
          "title": "test suite for demoblaze site",
          "fullFile": "",
          "file": "",
          "beforeHooks": [],
          "afterHooks": [],
          "tests": [
            {
              "title": "it should go to about us popup",
              "fullTitle": "test suite for demoblaze site it should go to about us popup",
              "timedOut": null,
              "duration": 2771,
              "state": "passed",
              "speed": "slow",
              "pass": true,
              "fail": false,
              "pending": false,
              "context": null,
              "code": "(0, _testBase.visitBaseURL)();\n_header.default.clickAboutusLink();\n_aboutusPopup.default.getTitle().should('have.text', \"About us\");",
              "err": {},
              "uuid": "9f12d715-8cca-4030-85a1-f06641f16995",
              "parentUUID": "f0e87d5c-5c54-45c3-99d3-4109cfa66a97",
              "isHook": false,
              "skipped": false
            }
          ],
          "suites": [],
          "passes": [
            "9f12d715-8cca-4030-85a1-f06641f16995"
          ],
          "failures": [],
          "pending": [],
          "skipped": [],
          "duration": 2771,
          "root": false,
          "rootEmpty": false,
          "_timeout": 2000
        }
      ],
      "passes": [],
      "failures": [],
      "pending": [],
      "skipped": [],
      "duration": 0,
      "root": true,
      "rootEmpty": true,
      "_timeout": 2000
    }
  ],
  "meta": {
    "mocha": {
      "version": "7.0.1"
    },
    "mochawesome": {
      "options": {
        "quiet": false,
        "reportFilename": "mochawesome",
        "saveHtml": false,
        "saveJson": true,
        "consoleReporter": "spec",
        "useInlineDiffs": false,
        "code": true
      },
      "version": "6.2.2"
    },
    "marge": {
      "options": {
        "overwrite": false,
        "html": false,
        "json": true
      },
      "version": "5.2.0"
    }
  }
}