{
  "stats": {
    "suites": 1,
    "tests": 1,
    "passes": 1,
    "pending": 0,
    "failures": 0,
    "start": "2021-07-19T01:06:26.663Z",
    "end": "2021-07-19T01:06:43.567Z",
    "duration": 16904,
    "testsRegistered": 1,
    "passPercent": 100,
    "pendingPercent": 0,
    "other": 0,
    "hasOther": false,
    "skipped": 0,
    "hasSkipped": false
  },
  "results": [
    {
      "uuid": "3f2db456-53e3-44b7-8f8a-225bc32fe9c9",
      "title": "",
      "fullFile": "cypress/integration/regression/contact-test.spec.js",
      "file": "cypress/integration/regression/contact-test.spec.js",
      "beforeHooks": [],
      "afterHooks": [],
      "tests": [],
      "suites": [
        {
          "uuid": "85e58894-472e-43e6-8a80-80c328bec1ad",
          "title": "test suite for demoblaze site",
          "fullFile": "",
          "file": "",
          "beforeHooks": [],
          "afterHooks": [],
          "tests": [
            {
              "title": "it should send a message to demoblaze",
              "fullTitle": "test suite for demoblaze site it should send a message to demoblaze",
              "timedOut": null,
              "duration": 16044,
              "state": "passed",
              "speed": "slow",
              "pass": true,
              "fail": false,
              "pending": false,
              "context": null,
              "code": "(0, _testBase.visitBaseURL)();\n_header.default.clickContactLink();\n_contactusPopup.default.enterEmail('signa@mail.com');\n_contactusPopup.default.enterName('ziad harb');\n_contactusPopup.default.enterMessage('testing');\n_contactusPopup.default.clickSendMessage();\ncy.on('window:alert', str => {\n  expect(str).to.equal('Thanks for the message!!');\n});",
              "err": {},
              "uuid": "c30dcbab-9910-4f83-94ac-a8fd54862255",
              "parentUUID": "85e58894-472e-43e6-8a80-80c328bec1ad",
              "isHook": false,
              "skipped": false
            }
          ],
          "suites": [],
          "passes": [
            "c30dcbab-9910-4f83-94ac-a8fd54862255"
          ],
          "failures": [],
          "pending": [],
          "skipped": [],
          "duration": 16044,
          "root": false,
          "rootEmpty": false,
          "_timeout": 2000
        }
      ],
      "passes": [],
      "failures": [],
      "pending": [],
      "skipped": [],
      "duration": 0,
      "root": true,
      "rootEmpty": true,
      "_timeout": 2000
    }
  ],
  "meta": {
    "mocha": {
      "version": "7.0.1"
    },
    "mochawesome": {
      "options": {
        "quiet": false,
        "reportFilename": "mochawesome",
        "saveHtml": false,
        "saveJson": true,
        "consoleReporter": "spec",
        "useInlineDiffs": false,
        "code": true
      },
      "version": "6.2.2"
    },
    "marge": {
      "options": {
        "overwrite": false,
        "html": false,
        "json": true
      },
      "version": "5.2.0"
    }
  }
}