{
  "stats": {
    "suites": 1,
    "tests": 2,
    "passes": 2,
    "pending": 0,
    "failures": 0,
    "start": "2021-07-19T00:46:08.573Z",
    "end": "2021-07-19T00:46:09.051Z",
    "duration": 478,
    "testsRegistered": 2,
    "passPercent": 100,
    "pendingPercent": 0,
    "other": 0,
    "hasOther": false,
    "skipped": 0,
    "hasSkipped": false
  },
  "results": [
    {
      "uuid": "5a9f4620-a118-4da2-b591-5f315dfd1c57",
      "title": "",
      "fullFile": "cypress/integration/api-tests/POST-signup-login-tests.spec.js",
      "file": "cypress/integration/api-tests/POST-signup-login-tests.spec.js",
      "beforeHooks": [],
      "afterHooks": [],
      "tests": [],
      "suites": [
        {
          "uuid": "b0572372-2125-4b60-a704-b89ff207dd47",
          "title": "test suite to validate that a new user can be created",
          "fullFile": "",
          "file": "",
          "beforeHooks": [],
          "afterHooks": [],
          "tests": [
            {
              "title": "it should sign up a user",
              "fullTitle": "test suite to validate that a new user can be created it should sign up a user",
              "timedOut": null,
              "duration": 203,
              "state": "passed",
              "speed": "slow",
              "pass": true,
              "fail": false,
              "pending": false,
              "context": null,
              "code": "cy.request({\n  method: 'POST',\n  url: ' https://api.demoblaze.com/signup',\n  body: {\n    'password': _constants.CREDENTIALS.password,\n    'username': username\n  }\n}).then(res => {\n  expect(res.status).to.eq(200);\n});",
              "err": {},
              "uuid": "57a3b817-774c-4ba1-af3b-961fec8163f1",
              "parentUUID": "b0572372-2125-4b60-a704-b89ff207dd47",
              "isHook": false,
              "skipped": false
            },
            {
              "title": "it should login with the signup user in the previous test",
              "fullTitle": "test suite to validate that a new user can be created it should login with the signup user in the previous test",
              "timedOut": null,
              "duration": 258,
              "state": "passed",
              "speed": "slow",
              "pass": true,
              "fail": false,
              "pending": false,
              "context": null,
              "code": "cy.request({\n  method: 'POST',\n  url: 'https://api.demoblaze.com/login',\n  body: {\n    'password': _constants.CREDENTIALS.password,\n    'username': username\n  }\n}).then(res => {\n  expect(res.status).to.eq(200);\n});",
              "err": {},
              "uuid": "22209d57-3c42-4001-aa29-7073ffaf0680",
              "parentUUID": "b0572372-2125-4b60-a704-b89ff207dd47",
              "isHook": false,
              "skipped": false
            }
          ],
          "suites": [],
          "passes": [
            "57a3b817-774c-4ba1-af3b-961fec8163f1",
            "22209d57-3c42-4001-aa29-7073ffaf0680"
          ],
          "failures": [],
          "pending": [],
          "skipped": [],
          "duration": 461,
          "root": false,
          "rootEmpty": false,
          "_timeout": 2000
        }
      ],
      "passes": [],
      "failures": [],
      "pending": [],
      "skipped": [],
      "duration": 0,
      "root": true,
      "rootEmpty": true,
      "_timeout": 2000
    }
  ],
  "meta": {
    "mocha": {
      "version": "7.0.1"
    },
    "mochawesome": {
      "options": {
        "quiet": false,
        "reportFilename": "mochawesome",
        "saveHtml": false,
        "saveJson": true,
        "consoleReporter": "spec",
        "useInlineDiffs": false,
        "code": true
      },
      "version": "6.2.2"
    },
    "marge": {
      "options": {
        "overwrite": false,
        "html": false,
        "json": true
      },
      "version": "5.2.0"
    }
  }
}