{
  "stats": {
    "suites": 1,
    "tests": 1,
    "passes": 1,
    "pending": 0,
    "failures": 0,
    "start": "2021-07-19T00:47:14.650Z",
    "end": "2021-07-19T00:47:15.990Z",
    "duration": 1340,
    "testsRegistered": 1,
    "passPercent": 100,
    "pendingPercent": 0,
    "other": 0,
    "hasOther": false,
    "skipped": 0,
    "hasSkipped": false
  },
  "results": [
    {
      "uuid": "7ba4762f-f735-439a-bb3e-0d722f71a1d2",
      "title": "",
      "fullFile": "cypress/integration/regression/main-page-logo-test.spec.js",
      "file": "cypress/integration/regression/main-page-logo-test.spec.js",
      "beforeHooks": [],
      "afterHooks": [],
      "tests": [],
      "suites": [
        {
          "uuid": "82bcadc4-0ac3-42a4-ba22-be7e329c5be7",
          "title": "test suite for demoblaze site",
          "fullFile": "",
          "file": "",
          "beforeHooks": [],
          "afterHooks": [],
          "tests": [
            {
              "title": "it should verify page logo href",
              "fullTitle": "test suite for demoblaze site it should verify page logo href",
              "timedOut": null,
              "duration": 478,
              "state": "passed",
              "speed": "slow",
              "pass": true,
              "fail": false,
              "pending": false,
              "context": null,
              "code": "(0, _testBase.visitBaseURL)();\n_header.default.verifyPageLogo();",
              "err": {},
              "uuid": "374fcda1-1a74-43b2-b27e-f28c86aa7c27",
              "parentUUID": "82bcadc4-0ac3-42a4-ba22-be7e329c5be7",
              "isHook": false,
              "skipped": false
            }
          ],
          "suites": [],
          "passes": [
            "374fcda1-1a74-43b2-b27e-f28c86aa7c27"
          ],
          "failures": [],
          "pending": [],
          "skipped": [],
          "duration": 478,
          "root": false,
          "rootEmpty": false,
          "_timeout": 2000
        }
      ],
      "passes": [],
      "failures": [],
      "pending": [],
      "skipped": [],
      "duration": 0,
      "root": true,
      "rootEmpty": true,
      "_timeout": 2000
    }
  ],
  "meta": {
    "mocha": {
      "version": "7.0.1"
    },
    "mochawesome": {
      "options": {
        "quiet": false,
        "reportFilename": "mochawesome",
        "saveHtml": false,
        "saveJson": true,
        "consoleReporter": "spec",
        "useInlineDiffs": false,
        "code": true
      },
      "version": "6.2.2"
    },
    "marge": {
      "options": {
        "overwrite": false,
        "html": false,
        "json": true
      },
      "version": "5.2.0"
    }
  }
}