{
  "stats": {
    "suites": 1,
    "tests": 1,
    "passes": 1,
    "pending": 0,
    "failures": 0,
    "start": "2021-07-19T00:46:22.177Z",
    "end": "2021-07-19T00:46:24.983Z",
    "duration": 2806,
    "testsRegistered": 1,
    "passPercent": 100,
    "pendingPercent": 0,
    "other": 0,
    "hasOther": false,
    "skipped": 0,
    "hasSkipped": false
  },
  "results": [
    {
      "uuid": "cccffdd6-6381-4b03-b9ac-a76fcb28a428",
      "title": "",
      "fullFile": "cypress/integration/regression/add-to-cart-test.spec.js",
      "file": "cypress/integration/regression/add-to-cart-test.spec.js",
      "beforeHooks": [],
      "afterHooks": [],
      "tests": [],
      "suites": [
        {
          "uuid": "a115809d-889d-413f-b327-b9dd48f522ff",
          "title": "test suite for demoblaze site",
          "fullFile": "",
          "file": "",
          "beforeHooks": [],
          "afterHooks": [],
          "tests": [
            {
              "title": "it should add samsung galaxy s6 to cart",
              "fullTitle": "test suite for demoblaze site it should add samsung galaxy s6 to cart",
              "timedOut": null,
              "duration": 1893,
              "state": "passed",
              "speed": "slow",
              "pass": true,
              "fail": false,
              "pending": false,
              "context": null,
              "code": "(0, _testBase.visitBaseURL)();\n_landingPage.default.clickPhoneLink();\n_PhonesPage.default.clickItemByName('Samsung galaxy s6');\n_itemPage.default.clickAddToCartButton();\n_header.default.clickCartLink();\n_cartPage.default.verifyItemTitle('Samsung galaxy s6');",
              "err": {},
              "uuid": "80b0ea73-2d2c-4658-8b83-bc8ead57929c",
              "parentUUID": "a115809d-889d-413f-b327-b9dd48f522ff",
              "isHook": false,
              "skipped": false
            }
          ],
          "suites": [],
          "passes": [
            "80b0ea73-2d2c-4658-8b83-bc8ead57929c"
          ],
          "failures": [],
          "pending": [],
          "skipped": [],
          "duration": 1893,
          "root": false,
          "rootEmpty": false,
          "_timeout": 2000
        }
      ],
      "passes": [],
      "failures": [],
      "pending": [],
      "skipped": [],
      "duration": 0,
      "root": true,
      "rootEmpty": true,
      "_timeout": 2000
    }
  ],
  "meta": {
    "mocha": {
      "version": "7.0.1"
    },
    "mochawesome": {
      "options": {
        "quiet": false,
        "reportFilename": "mochawesome",
        "saveHtml": false,
        "saveJson": true,
        "consoleReporter": "spec",
        "useInlineDiffs": false,
        "code": true
      },
      "version": "6.2.2"
    },
    "marge": {
      "options": {
        "overwrite": false,
        "html": false,
        "json": true
      },
      "version": "5.2.0"
    }
  }
}