{
  "stats": {
    "suites": 1,
    "tests": 1,
    "passes": 1,
    "pending": 0,
    "failures": 0,
    "start": "2021-07-19T00:46:29.763Z",
    "end": "2021-07-19T00:46:31.331Z",
    "duration": 1568,
    "testsRegistered": 1,
    "passPercent": 100,
    "pendingPercent": 0,
    "other": 0,
    "hasOther": false,
    "skipped": 0,
    "hasSkipped": false
  },
  "results": [
    {
      "uuid": "124ada93-9e14-4309-a403-adf5c82db856",
      "title": "",
      "fullFile": "cypress/integration/regression/carousel-test.spec.js",
      "file": "cypress/integration/regression/carousel-test.spec.js",
      "beforeHooks": [],
      "afterHooks": [],
      "tests": [],
      "suites": [
        {
          "uuid": "12499bc9-0e75-49e6-9ac3-cf201779ff75",
          "title": "test suite for demoblaze site",
          "fullFile": "",
          "file": "",
          "beforeHooks": [],
          "afterHooks": [],
          "tests": [
            {
              "title": "it should have carousel and arrows on landing page",
              "fullTitle": "test suite for demoblaze site it should have carousel and arrows on landing page",
              "timedOut": null,
              "duration": 608,
              "state": "passed",
              "speed": "slow",
              "pass": true,
              "fail": false,
              "pending": false,
              "context": null,
              "code": "(0, _testBase.visitBaseURL)();\n_landingPage.default.verifyCarousel();\n_landingPage.default.verifyNextArrow();\n_landingPage.default.verifyPreviousArrow();",
              "err": {},
              "uuid": "c6609d24-2532-46d3-a73a-0a8a3f4c9da6",
              "parentUUID": "12499bc9-0e75-49e6-9ac3-cf201779ff75",
              "isHook": false,
              "skipped": false
            }
          ],
          "suites": [],
          "passes": [
            "c6609d24-2532-46d3-a73a-0a8a3f4c9da6"
          ],
          "failures": [],
          "pending": [],
          "skipped": [],
          "duration": 608,
          "root": false,
          "rootEmpty": false,
          "_timeout": 2000
        }
      ],
      "passes": [],
      "failures": [],
      "pending": [],
      "skipped": [],
      "duration": 0,
      "root": true,
      "rootEmpty": true,
      "_timeout": 2000
    }
  ],
  "meta": {
    "mocha": {
      "version": "7.0.1"
    },
    "mochawesome": {
      "options": {
        "quiet": false,
        "reportFilename": "mochawesome",
        "saveHtml": false,
        "saveJson": true,
        "consoleReporter": "spec",
        "useInlineDiffs": false,
        "code": true
      },
      "version": "6.2.2"
    },
    "marge": {
      "options": {
        "overwrite": false,
        "html": false,
        "json": true
      },
      "version": "5.2.0"
    }
  }
}