{
  "stats": {
    "suites": 1,
    "tests": 1,
    "passes": 1,
    "pending": 0,
    "failures": 0,
    "start": "2021-07-19T01:06:20.563Z",
    "end": "2021-07-19T01:06:22.036Z",
    "duration": 1473,
    "testsRegistered": 1,
    "passPercent": 100,
    "pendingPercent": 0,
    "other": 0,
    "hasOther": false,
    "skipped": 0,
    "hasSkipped": false
  },
  "results": [
    {
      "uuid": "51751c95-806a-4fdd-91ba-eb1256b5a7d4",
      "title": "",
      "fullFile": "cypress/integration/regression/carousel-test.spec.js",
      "file": "cypress/integration/regression/carousel-test.spec.js",
      "beforeHooks": [],
      "afterHooks": [],
      "tests": [],
      "suites": [
        {
          "uuid": "aea4f08a-10fd-4011-8cc2-e8ae1054c36e",
          "title": "test suite for demoblaze site",
          "fullFile": "",
          "file": "",
          "beforeHooks": [],
          "afterHooks": [],
          "tests": [
            {
              "title": "it should have carousel and arrows on landing page",
              "fullTitle": "test suite for demoblaze site it should have carousel and arrows on landing page",
              "timedOut": null,
              "duration": 553,
              "state": "passed",
              "speed": "slow",
              "pass": true,
              "fail": false,
              "pending": false,
              "context": null,
              "code": "(0, _testBase.visitBaseURL)();\n_landingPage.default.verifyCarousel();\n_landingPage.default.verifyNextArrow();\n_landingPage.default.verifyPreviousArrow();",
              "err": {},
              "uuid": "f192e0c5-fbea-492b-9df5-0a0859df20b2",
              "parentUUID": "aea4f08a-10fd-4011-8cc2-e8ae1054c36e",
              "isHook": false,
              "skipped": false
            }
          ],
          "suites": [],
          "passes": [
            "f192e0c5-fbea-492b-9df5-0a0859df20b2"
          ],
          "failures": [],
          "pending": [],
          "skipped": [],
          "duration": 553,
          "root": false,
          "rootEmpty": false,
          "_timeout": 2000
        }
      ],
      "passes": [],
      "failures": [],
      "pending": [],
      "skipped": [],
      "duration": 0,
      "root": true,
      "rootEmpty": true,
      "_timeout": 2000
    }
  ],
  "meta": {
    "mocha": {
      "version": "7.0.1"
    },
    "mochawesome": {
      "options": {
        "quiet": false,
        "reportFilename": "mochawesome",
        "saveHtml": false,
        "saveJson": true,
        "consoleReporter": "spec",
        "useInlineDiffs": false,
        "code": true
      },
      "version": "6.2.2"
    },
    "marge": {
      "options": {
        "overwrite": false,
        "html": false,
        "json": true
      },
      "version": "5.2.0"
    }
  }
}