{
  "stats": {
    "suites": 1,
    "tests": 1,
    "passes": 1,
    "pending": 0,
    "failures": 0,
    "start": "2021-07-19T01:06:52.019Z",
    "end": "2021-07-19T01:06:59.162Z",
    "duration": 7143,
    "testsRegistered": 1,
    "passPercent": 100,
    "pendingPercent": 0,
    "other": 0,
    "hasOther": false,
    "skipped": 0,
    "hasSkipped": false
  },
  "results": [
    {
      "uuid": "702f2d49-355b-432d-9e45-05066e75a721",
      "title": "",
      "fullFile": "cypress/integration/regression/login-test.spec.js",
      "file": "cypress/integration/regression/login-test.spec.js",
      "beforeHooks": [],
      "afterHooks": [],
      "tests": [],
      "suites": [
        {
          "uuid": "95e5cf43-4f33-4b55-baf5-b82f733d9754",
          "title": "test suite for demoblaze site",
          "fullFile": "",
          "file": "",
          "beforeHooks": [],
          "afterHooks": [],
          "tests": [
            {
              "title": "it should add samsung galaxy s6 to cart",
              "fullTitle": "test suite for demoblaze site it should add samsung galaxy s6 to cart",
              "timedOut": null,
              "duration": 6161,
              "state": "passed",
              "speed": "slow",
              "pass": true,
              "fail": false,
              "pending": false,
              "context": null,
              "code": "(0, _testBase.visitBaseURL)();\n_header.default.clickSignupLink();\n_signupPopup.default.fillUsernameBox(username);\n_signupPopup.default.fillPasswordBox(password);\n_signupPopup.default.clickSignupButton();\ncy.on('window:alert', str => {\n  expect(str).to.equal('Sign up successful.');\n});\ncy.on('window:confirm', () => true);\n_header.default.clickLoginLink();\n_loginPopup.default.fillUsernameBox(username);\n_loginPopup.default.fillPasswordBox(password);\n_loginPopup.default.clickLoginButton();\n_header.default.verifyLoginUser(username);",
              "err": {},
              "uuid": "9f24765a-05f2-468e-be0d-d3026a88dbc3",
              "parentUUID": "95e5cf43-4f33-4b55-baf5-b82f733d9754",
              "isHook": false,
              "skipped": false
            }
          ],
          "suites": [],
          "passes": [
            "9f24765a-05f2-468e-be0d-d3026a88dbc3"
          ],
          "failures": [],
          "pending": [],
          "skipped": [],
          "duration": 6161,
          "root": false,
          "rootEmpty": false,
          "_timeout": 2000
        }
      ],
      "passes": [],
      "failures": [],
      "pending": [],
      "skipped": [],
      "duration": 0,
      "root": true,
      "rootEmpty": true,
      "_timeout": 2000
    }
  ],
  "meta": {
    "mocha": {
      "version": "7.0.1"
    },
    "mochawesome": {
      "options": {
        "quiet": false,
        "reportFilename": "mochawesome",
        "saveHtml": false,
        "saveJson": true,
        "consoleReporter": "spec",
        "useInlineDiffs": false,
        "code": true
      },
      "version": "6.2.2"
    },
    "marge": {
      "options": {
        "overwrite": false,
        "html": false,
        "json": true
      },
      "version": "5.2.0"
    }
  }
}