{
  "stats": {
    "suites": 1,
    "tests": 1,
    "passes": 1,
    "pending": 0,
    "failures": 0,
    "start": "2021-07-19T01:07:11.126Z",
    "end": "2021-07-19T01:07:16.289Z",
    "duration": 5163,
    "testsRegistered": 1,
    "passPercent": 100,
    "pendingPercent": 0,
    "other": 0,
    "hasOther": false,
    "skipped": 0,
    "hasSkipped": false
  },
  "results": [
    {
      "uuid": "33ca0714-ff16-42c1-a007-b64cc5555ade",
      "title": "",
      "fullFile": "cypress/integration/regression/singup-test.spec.js",
      "file": "cypress/integration/regression/singup-test.spec.js",
      "beforeHooks": [],
      "afterHooks": [],
      "tests": [],
      "suites": [
        {
          "uuid": "829d2f50-512a-4d32-abc7-d6fb41cb4284",
          "title": "test suite for demoblaze site",
          "fullFile": "",
          "file": "",
          "beforeHooks": [],
          "afterHooks": [],
          "tests": [
            {
              "title": "it should add samsung galaxy s6 to cart",
              "fullTitle": "test suite for demoblaze site it should add samsung galaxy s6 to cart",
              "timedOut": null,
              "duration": 4302,
              "state": "passed",
              "speed": "slow",
              "pass": true,
              "fail": false,
              "pending": false,
              "context": null,
              "code": "(0, _testBase.visitBaseURL)();\n_header.default.clickSignupLink();\n_signupPopup.default.fillUsernameBox(_constants.CREDENTIALS.username);\n_signupPopup.default.fillPasswordBox(_constants.CREDENTIALS.password);\n_signupPopup.default.clickSignupButton();\ncy.on('window:alert', str => {\n  expect(str).to.equal('Sign up successful.');\n});",
              "err": {},
              "uuid": "afef4471-dbef-459f-a5e4-91f17b8b2adf",
              "parentUUID": "829d2f50-512a-4d32-abc7-d6fb41cb4284",
              "isHook": false,
              "skipped": false
            }
          ],
          "suites": [],
          "passes": [
            "afef4471-dbef-459f-a5e4-91f17b8b2adf"
          ],
          "failures": [],
          "pending": [],
          "skipped": [],
          "duration": 4302,
          "root": false,
          "rootEmpty": false,
          "_timeout": 2000
        }
      ],
      "passes": [],
      "failures": [],
      "pending": [],
      "skipped": [],
      "duration": 0,
      "root": true,
      "rootEmpty": true,
      "_timeout": 2000
    }
  ],
  "meta": {
    "mocha": {
      "version": "7.0.1"
    },
    "mochawesome": {
      "options": {
        "quiet": false,
        "reportFilename": "mochawesome",
        "saveHtml": false,
        "saveJson": true,
        "consoleReporter": "spec",
        "useInlineDiffs": false,
        "code": true
      },
      "version": "6.2.2"
    },
    "marge": {
      "options": {
        "overwrite": false,
        "html": false,
        "json": true
      },
      "version": "5.2.0"
    }
  }
}