{
  "stats": {
    "suites": 1,
    "tests": 1,
    "passes": 1,
    "pending": 0,
    "failures": 0,
    "start": "2021-07-19T00:46:03.989Z",
    "end": "2021-07-19T00:46:04.254Z",
    "duration": 265,
    "testsRegistered": 1,
    "passPercent": 100,
    "pendingPercent": 0,
    "other": 0,
    "hasOther": false,
    "skipped": 0,
    "hasSkipped": false
  },
  "results": [
    {
      "uuid": "46fbd849-2d6e-45ed-ae02-f51012fa4625",
      "title": "",
      "fullFile": "cypress/integration/api-tests/GET-view-all-items-test.spec.js",
      "file": "cypress/integration/api-tests/GET-view-all-items-test.spec.js",
      "beforeHooks": [],
      "afterHooks": [],
      "tests": [],
      "suites": [
        {
          "uuid": "448af141-e2cd-4b97-899f-f8be96ea1c08",
          "title": "test suite to validate that all items can be viewed",
          "fullFile": "",
          "file": "",
          "beforeHooks": [],
          "afterHooks": [],
          "tests": [
            {
              "title": "it should get all items",
              "fullTitle": "test suite to validate that all items can be viewed it should get all items",
              "timedOut": null,
              "duration": 239,
              "state": "passed",
              "speed": "slow",
              "pass": true,
              "fail": false,
              "pending": false,
              "context": null,
              "code": "cy.request({\n  method: 'get',\n  url: 'https://api.demoblaze.com/entries'\n}).then(res => {\n  expect(res.status).to.eq(200);\n  expect(res.body.Items[0]).has.property('cat', 'phone');\n});",
              "err": {},
              "uuid": "8fc87e0a-5661-4477-8377-9dd475e9b810",
              "parentUUID": "448af141-e2cd-4b97-899f-f8be96ea1c08",
              "isHook": false,
              "skipped": false
            }
          ],
          "suites": [],
          "passes": [
            "8fc87e0a-5661-4477-8377-9dd475e9b810"
          ],
          "failures": [],
          "pending": [],
          "skipped": [],
          "duration": 239,
          "root": false,
          "rootEmpty": false,
          "_timeout": 2000
        }
      ],
      "passes": [],
      "failures": [],
      "pending": [],
      "skipped": [],
      "duration": 0,
      "root": true,
      "rootEmpty": true,
      "_timeout": 2000
    }
  ],
  "meta": {
    "mocha": {
      "version": "7.0.1"
    },
    "mochawesome": {
      "options": {
        "quiet": false,
        "reportFilename": "mochawesome",
        "saveHtml": false,
        "saveJson": true,
        "consoleReporter": "spec",
        "useInlineDiffs": false,
        "code": true
      },
      "version": "6.2.2"
    },
    "marge": {
      "options": {
        "overwrite": false,
        "html": false,
        "json": true
      },
      "version": "5.2.0"
    }
  }
}