{
  "stats": {
    "suites": 1,
    "tests": 1,
    "passes": 1,
    "pending": 0,
    "failures": 0,
    "start": "2021-07-19T00:46:13.214Z",
    "end": "2021-07-19T00:46:17.019Z",
    "duration": 3805,
    "testsRegistered": 1,
    "passPercent": 100,
    "pendingPercent": 0,
    "other": 0,
    "hasOther": false,
    "skipped": 0,
    "hasSkipped": false
  },
  "results": [
    {
      "uuid": "ee23b9ae-a52d-4b64-bedd-23b171ef43d6",
      "title": "",
      "fullFile": "cypress/integration/regression/aboutus-test.spec.js",
      "file": "cypress/integration/regression/aboutus-test.spec.js",
      "beforeHooks": [],
      "afterHooks": [],
      "tests": [],
      "suites": [
        {
          "uuid": "9f4019c2-cc9a-4fee-ab2d-919f14978089",
          "title": "test suite for demoblaze site",
          "fullFile": "",
          "file": "",
          "beforeHooks": [],
          "afterHooks": [],
          "tests": [
            {
              "title": "it should go to about us popup",
              "fullTitle": "test suite for demoblaze site it should go to about us popup",
              "timedOut": null,
              "duration": 2744,
              "state": "passed",
              "speed": "slow",
              "pass": true,
              "fail": false,
              "pending": false,
              "context": null,
              "code": "(0, _testBase.visitBaseURL)();\n_header.default.clickAboutusLink();\n_aboutusPopup.default.getTitle().should('have.text', \"About us\");",
              "err": {},
              "uuid": "488733ec-d00d-44a9-b334-52de49ac25fa",
              "parentUUID": "9f4019c2-cc9a-4fee-ab2d-919f14978089",
              "isHook": false,
              "skipped": false
            }
          ],
          "suites": [],
          "passes": [
            "488733ec-d00d-44a9-b334-52de49ac25fa"
          ],
          "failures": [],
          "pending": [],
          "skipped": [],
          "duration": 2744,
          "root": false,
          "rootEmpty": false,
          "_timeout": 2000
        }
      ],
      "passes": [],
      "failures": [],
      "pending": [],
      "skipped": [],
      "duration": 0,
      "root": true,
      "rootEmpty": true,
      "_timeout": 2000
    }
  ],
  "meta": {
    "mocha": {
      "version": "7.0.1"
    },
    "mochawesome": {
      "options": {
        "quiet": false,
        "reportFilename": "mochawesome",
        "saveHtml": false,
        "saveJson": true,
        "consoleReporter": "spec",
        "useInlineDiffs": false,
        "code": true
      },
      "version": "6.2.2"
    },
    "marge": {
      "options": {
        "overwrite": false,
        "html": false,
        "json": true
      },
      "version": "5.2.0"
    }
  }
}