{
  "stats": {
    "suites": 1,
    "tests": 2,
    "passes": 2,
    "pending": 0,
    "failures": 0,
    "start": "2021-07-19T01:05:58.907Z",
    "end": "2021-07-19T01:05:59.377Z",
    "duration": 470,
    "testsRegistered": 2,
    "passPercent": 100,
    "pendingPercent": 0,
    "other": 0,
    "hasOther": false,
    "skipped": 0,
    "hasSkipped": false
  },
  "results": [
    {
      "uuid": "413645e3-4b77-41a1-8b92-bfa361eab700",
      "title": "",
      "fullFile": "cypress/integration/api-tests/POST-signup-login-tests.spec.js",
      "file": "cypress/integration/api-tests/POST-signup-login-tests.spec.js",
      "beforeHooks": [],
      "afterHooks": [],
      "tests": [],
      "suites": [
        {
          "uuid": "3d03dd60-0e66-404e-a767-84078ac1e17f",
          "title": "test suite to validate that a new user can be created",
          "fullFile": "",
          "file": "",
          "beforeHooks": [],
          "afterHooks": [],
          "tests": [
            {
              "title": "it should sign up a user",
              "fullTitle": "test suite to validate that a new user can be created it should sign up a user",
              "timedOut": null,
              "duration": 231,
              "state": "passed",
              "speed": "slow",
              "pass": true,
              "fail": false,
              "pending": false,
              "context": null,
              "code": "cy.request({\n  method: 'POST',\n  url: ' https://api.demoblaze.com/signup',\n  body: {\n    'password': _constants.CREDENTIALS.password,\n    'username': username\n  }\n}).then(res => {\n  expect(res.status).to.eq(200);\n});",
              "err": {},
              "uuid": "1524682e-a7c0-444d-8a1b-3d0b52b1a5f2",
              "parentUUID": "3d03dd60-0e66-404e-a767-84078ac1e17f",
              "isHook": false,
              "skipped": false
            },
            {
              "title": "it should login with the signup user in the previous test",
              "fullTitle": "test suite to validate that a new user can be created it should login with the signup user in the previous test",
              "timedOut": null,
              "duration": 196,
              "state": "passed",
              "speed": "slow",
              "pass": true,
              "fail": false,
              "pending": false,
              "context": null,
              "code": "cy.request({\n  method: 'POST',\n  url: 'https://api.demoblaze.com/login',\n  body: {\n    'password': _constants.CREDENTIALS.password,\n    'username': username\n  }\n}).then(res => {\n  expect(res.status).to.eq(200);\n});",
              "err": {},
              "uuid": "14d4f6ca-a817-4a5a-9de4-4898a51dd25c",
              "parentUUID": "3d03dd60-0e66-404e-a767-84078ac1e17f",
              "isHook": false,
              "skipped": false
            }
          ],
          "suites": [],
          "passes": [
            "1524682e-a7c0-444d-8a1b-3d0b52b1a5f2",
            "14d4f6ca-a817-4a5a-9de4-4898a51dd25c"
          ],
          "failures": [],
          "pending": [],
          "skipped": [],
          "duration": 427,
          "root": false,
          "rootEmpty": false,
          "_timeout": 2000
        }
      ],
      "passes": [],
      "failures": [],
      "pending": [],
      "skipped": [],
      "duration": 0,
      "root": true,
      "rootEmpty": true,
      "_timeout": 2000
    }
  ],
  "meta": {
    "mocha": {
      "version": "7.0.1"
    },
    "mochawesome": {
      "options": {
        "quiet": false,
        "reportFilename": "mochawesome",
        "saveHtml": false,
        "saveJson": true,
        "consoleReporter": "spec",
        "useInlineDiffs": false,
        "code": true
      },
      "version": "6.2.2"
    },
    "marge": {
      "options": {
        "overwrite": false,
        "html": false,
        "json": true
      },
      "version": "5.2.0"
    }
  }
}